<?xml version="1.0" encoding="UTF-8"?>
<!-- Generated by org.testng.reporters.JUnitXMLReporter -->
<testsuite ignored="0" hostname="Riya-Sharma" failures="0" tests="3" name="Test" time="38.641" errors="0" timestamp="2025-01-08T10:48:07 IST">
  <testcase classname="tests.LanguageCheck" name="verifyLanguageIsSpanish" time="9.191"/>
  <testcase classname="tests.ScrapingOpinionTest" name="scrapeArticles" time="10.165"/>
  <testcase classname="tests.TranslateAndAnalyze" name="scrapeAndAnalyzeArticles" time="11.582"/>
</testsuite> <!-- Test -->
