<?xml version="1.0" encoding="UTF-8"?>
<testng-results ignored="0" total="9" passed="8" failed="1" skipped="0">
  <reporter-output>
  </reporter-output>
  <suite started-at="2025-01-08T13:15:39 IST" name="Suite" finished-at="2025-01-08T13:17:32 IST" duration-ms="112775">
    <groups>
    </groups>
    <test started-at="2025-01-08T13:15:39 IST" name="Test-1" finished-at="2025-01-08T13:16:55 IST" duration-ms="76584">
      <class name="tests.LanguageCheck">
        <test-method is-config="true" signature="setUp()[pri:0, instance:tests.LanguageCheck@675ffd1d]" started-at="2025-01-08T13:15:39 IST" name="setUp" finished-at="2025-01-08T13:15:48 IST" duration-ms="9079" status="PASS">
          <reporter-output>
          </reporter-output>
        </test-method> <!-- setUp -->
        <test-method signature="verifyLanguageIsSpanish()[pri:0, instance:tests.LanguageCheck@675ffd1d]" started-at="2025-01-08T13:15:48 IST" name="verifyLanguageIsSpanish" finished-at="2025-01-08T13:16:01 IST" duration-ms="12937" status="PASS">
          <reporter-output>
          </reporter-output>
        </test-method> <!-- verifyLanguageIsSpanish -->
        <test-method is-config="true" signature="tearDown()[pri:0, instance:tests.LanguageCheck@675ffd1d]" started-at="2025-01-08T13:16:01 IST" name="tearDown" finished-at="2025-01-08T13:16:04 IST" duration-ms="2510" status="PASS">
          <reporter-output>
          </reporter-output>
        </test-method> <!-- tearDown -->
      </class> <!-- tests.LanguageCheck -->
      <class name="tests.ScrapingOpinionTest">
        <test-method is-config="true" signature="setUp()[pri:0, instance:tests.ScrapingOpinionTest@56303475]" started-at="2025-01-08T13:16:04 IST" name="setUp" finished-at="2025-01-08T13:16:12 IST" duration-ms="8507" status="PASS">
          <reporter-output>
          </reporter-output>
        </test-method> <!-- setUp -->
        <test-method signature="scrapeArticles()[pri:0, instance:tests.ScrapingOpinionTest@56303475]" started-at="2025-01-08T13:16:12 IST" name="scrapeArticles" finished-at="2025-01-08T13:16:25 IST" duration-ms="12649" status="PASS">
          <reporter-output>
          </reporter-output>
        </test-method> <!-- scrapeArticles -->
        <test-method is-config="true" signature="tearDown()[pri:0, instance:tests.ScrapingOpinionTest@56303475]" started-at="2025-01-08T13:16:25 IST" name="tearDown" finished-at="2025-01-08T13:16:27 IST" duration-ms="2260" status="PASS">
          <reporter-output>
          </reporter-output>
        </test-method> <!-- tearDown -->
      </class> <!-- tests.ScrapingOpinionTest -->
      <class name="tests.TranslateAndAnalyze">
        <test-method is-config="true" signature="setUp()[pri:0, instance:tests.TranslateAndAnalyze@30506c0d]" started-at="2025-01-08T13:16:27 IST" name="setUp" finished-at="2025-01-08T13:16:35 IST" duration-ms="7645" status="PASS">
          <reporter-output>
          </reporter-output>
        </test-method> <!-- setUp -->
        <test-method signature="scrapeAndAnalyzeArticles()[pri:0, instance:tests.TranslateAndAnalyze@30506c0d]" started-at="2025-01-08T13:16:35 IST" name="scrapeAndAnalyzeArticles" finished-at="2025-01-08T13:16:53 IST" duration-ms="17664" status="PASS">
          <reporter-output>
          </reporter-output>
        </test-method> <!-- scrapeAndAnalyzeArticles -->
        <test-method is-config="true" signature="tearDown()[pri:0, instance:tests.TranslateAndAnalyze@30506c0d]" started-at="2025-01-08T13:16:53 IST" name="tearDown" finished-at="2025-01-08T13:16:55 IST" duration-ms="2100" status="PASS">
          <reporter-output>
          </reporter-output>
        </test-method> <!-- tearDown -->
      </class> <!-- tests.TranslateAndAnalyze -->
    </test> <!-- Test-1 -->
    <test started-at="2025-01-08T13:15:39 IST" name="Test-0" finished-at="2025-01-08T13:16:56 IST" duration-ms="76985">
      <class name="tests.LanguageCheck">
        <test-method is-config="true" signature="setUp()[pri:0, instance:tests.LanguageCheck@248deced]" started-at="2025-01-08T13:15:39 IST" name="setUp" finished-at="2025-01-08T13:15:48 IST" duration-ms="9079" status="PASS">
          <reporter-output>
          </reporter-output>
        </test-method> <!-- setUp -->
        <test-method signature="verifyLanguageIsSpanish()[pri:0, instance:tests.LanguageCheck@248deced]" started-at="2025-01-08T13:15:48 IST" name="verifyLanguageIsSpanish" finished-at="2025-01-08T13:15:56 IST" duration-ms="7744" status="PASS">
          <reporter-output>
          </reporter-output>
        </test-method> <!-- verifyLanguageIsSpanish -->
        <test-method is-config="true" signature="tearDown()[pri:0, instance:tests.LanguageCheck@248deced]" started-at="2025-01-08T13:15:56 IST" name="tearDown" finished-at="2025-01-08T13:15:59 IST" duration-ms="3013" status="PASS">
          <reporter-output>
          </reporter-output>
        </test-method> <!-- tearDown -->
      </class> <!-- tests.LanguageCheck -->
      <class name="tests.ScrapingOpinionTest">
        <test-method is-config="true" signature="setUp()[pri:0, instance:tests.ScrapingOpinionTest@7fab4be7]" started-at="2025-01-08T13:15:59 IST" name="setUp" finished-at="2025-01-08T13:16:04 IST" duration-ms="5340" status="PASS">
          <reporter-output>
          </reporter-output>
        </test-method> <!-- setUp -->
        <test-method signature="scrapeArticles()[pri:0, instance:tests.ScrapingOpinionTest@7fab4be7]" started-at="2025-01-08T13:16:04 IST" name="scrapeArticles" finished-at="2025-01-08T13:16:21 IST" duration-ms="16552" status="PASS">
          <reporter-output>
          </reporter-output>
        </test-method> <!-- scrapeArticles -->
        <test-method is-config="true" signature="tearDown()[pri:0, instance:tests.ScrapingOpinionTest@7fab4be7]" started-at="2025-01-08T13:16:21 IST" name="tearDown" finished-at="2025-01-08T13:16:24 IST" duration-ms="2799" status="PASS">
          <reporter-output>
          </reporter-output>
        </test-method> <!-- tearDown -->
      </class> <!-- tests.ScrapingOpinionTest -->
      <class name="tests.TranslateAndAnalyze">
        <test-method is-config="true" signature="setUp()[pri:0, instance:tests.TranslateAndAnalyze@a64e035]" started-at="2025-01-08T13:16:24 IST" name="setUp" finished-at="2025-01-08T13:16:32 IST" duration-ms="7823" status="PASS">
          <reporter-output>
          </reporter-output>
        </test-method> <!-- setUp -->
        <test-method signature="scrapeAndAnalyzeArticles()[pri:0, instance:tests.TranslateAndAnalyze@a64e035]" started-at="2025-01-08T13:16:32 IST" name="scrapeAndAnalyzeArticles" finished-at="2025-01-08T13:16:53 IST" duration-ms="20724" status="PASS">
          <reporter-output>
          </reporter-output>
        </test-method> <!-- scrapeAndAnalyzeArticles -->
        <test-method is-config="true" signature="tearDown()[pri:0, instance:tests.TranslateAndAnalyze@a64e035]" started-at="2025-01-08T13:16:53 IST" name="tearDown" finished-at="2025-01-08T13:16:56 IST" duration-ms="2834" status="PASS">
          <reporter-output>
          </reporter-output>
        </test-method> <!-- tearDown -->
      </class> <!-- tests.TranslateAndAnalyze -->
    </test> <!-- Test-0 -->
    <test started-at="2025-01-08T13:15:39 IST" name="Test-2" finished-at="2025-01-08T13:17:32 IST" duration-ms="112775">
      <class name="tests.LanguageCheck">
        <test-method is-config="true" signature="setUp()[pri:0, instance:tests.LanguageCheck@19569ebd]" started-at="2025-01-08T13:15:39 IST" name="setUp" finished-at="2025-01-08T13:16:02 IST" duration-ms="22982" status="PASS">
          <reporter-output>
          </reporter-output>
        </test-method> <!-- setUp -->
        <test-method signature="verifyLanguageIsSpanish()[pri:0, instance:tests.LanguageCheck@19569ebd]" started-at="2025-01-08T13:16:02 IST" name="verifyLanguageIsSpanish" finished-at="2025-01-08T13:16:04 IST" duration-ms="1947" status="FAIL">
          <exception class="org.openqa.selenium.StaleElementReferenceException">
            <message>
              <![CDATA[Element does not exist in cache
For documentation on this error, please visit: https://selenium.dev/exceptions/#stale_element_reference
Build info: version: '4.0.0', revision: '3a21814679'
System info: host: 'RIYA-SHARMA', ip: '192.168.1.16', os.name: 'Windows 11', os.arch: 'amd64', os.version: '10.0', java.version: '21.0.5'
Driver info: org.openqa.selenium.chrome.ChromeDriver
Command: [004d780b10c16df38bcad272e11c977ac911fd85, getElementDomAttribute {id=5000, name=lang}]
Capabilities {automationName: XCUITest, bootstrapPath: /usr/local/.browserstack/co..., browserName: , browserVersion: null, browserstack.isTargetBased: true, bundleId: browserstack.chromium.p.109..., databaseEnabled: false, deviceName: iPhone 13, deviceOrientation: PORTRAIT, javascriptEnabled: true, keychainPassword: [REDACTED VALUE], keychainPath: [REDACTED VALUE], locationContextEnabled: false, networkConnectionEnabled: false, newCommandTimeout: 0, noReset: true, optimalHubUrl: hub-aps.browserstack.com, orientation: PORTRAIT, platform: MAC, platformName: MAC, realMobile: true, takesScreenshot: true, udid: 00008110-001435823488401E, useXctestrunFile: true, webStorageEnabled: false}
Element: [[ChromeDriver:  on MAC (004d780b10c16df38bcad272e11c977ac911fd85)] -> tag name: html]
Session ID: 004d780b10c16df38bcad272e11c977ac911fd85]]>
            </message>
            <full-stacktrace>
              <![CDATA[org.openqa.selenium.StaleElementReferenceException: Element does not exist in cache
For documentation on this error, please visit: https://selenium.dev/exceptions/#stale_element_reference
Build info: version: '4.0.0', revision: '3a21814679'
System info: host: 'RIYA-SHARMA', ip: '192.168.1.16', os.name: 'Windows 11', os.arch: 'amd64', os.version: '10.0', java.version: '21.0.5'
Driver info: org.openqa.selenium.chrome.ChromeDriver
Command: [004d780b10c16df38bcad272e11c977ac911fd85, getElementDomAttribute {id=5000, name=lang}]
Capabilities {automationName: XCUITest, bootstrapPath: /usr/local/.browserstack/co..., browserName: , browserVersion: null, browserstack.isTargetBased: true, bundleId: browserstack.chromium.p.109..., databaseEnabled: false, deviceName: iPhone 13, deviceOrientation: PORTRAIT, javascriptEnabled: true, keychainPassword: [REDACTED VALUE], keychainPath: [REDACTED VALUE], locationContextEnabled: false, networkConnectionEnabled: false, newCommandTimeout: 0, noReset: true, optimalHubUrl: hub-aps.browserstack.com, orientation: PORTRAIT, platform: MAC, platformName: MAC, realMobile: true, takesScreenshot: true, udid: 00008110-001435823488401E, useXctestrunFile: true, webStorageEnabled: false}
Element: [[ChromeDriver:  on MAC (004d780b10c16df38bcad272e11c977ac911fd85)] -> tag name: html]
Session ID: 004d780b10c16df38bcad272e11c977ac911fd85
at java.base/jdk.internal.reflect.DirectConstructorHandleAccessor.newInstance(DirectConstructorHandleAccessor.java:62)
at java.base/java.lang.reflect.Constructor.newInstanceWithCaller(Constructor.java:502)
at java.base/java.lang.reflect.Constructor.newInstance(Constructor.java:486)
at org.openqa.selenium.remote.codec.w3c.W3CHttpResponseCodec.createException(W3CHttpResponseCodec.java:200)
at org.openqa.selenium.remote.codec.w3c.W3CHttpResponseCodec.decode(W3CHttpResponseCodec.java:133)
at org.openqa.selenium.remote.codec.w3c.W3CHttpResponseCodec.decode(W3CHttpResponseCodec.java:53)
at org.openqa.selenium.remote.HttpCommandExecutor.execute(HttpCommandExecutor.java:184)
at org.openqa.selenium.remote.RemoteWebDriver.execute(RemoteWebDriver.java:559)
at org.openqa.selenium.remote.RemoteWebElement.execute(RemoteWebElement.java:251)
at org.openqa.selenium.remote.RemoteWebElement.getDomAttribute(RemoteWebElement.java:145)
at pageObjects.HomePage.getLanguageAttribute(HomePage.java:24)
at tests.LanguageCheck.verifyLanguageIsSpanish(LanguageCheck.java:14)
at java.base/jdk.internal.reflect.DirectMethodHandleAccessor.invoke(DirectMethodHandleAccessor.java:103)
at java.base/java.lang.reflect.Method.invoke(Method.java:580)
at org.testng.internal.MethodInvocationHelper.invokeMethod(MethodInvocationHelper.java:133)
at org.testng.internal.TestInvoker.invokeMethod(TestInvoker.java:598)
at org.testng.internal.TestInvoker.invokeTestMethod(TestInvoker.java:173)
at org.testng.internal.MethodRunner.runInSequence(MethodRunner.java:46)
at org.testng.internal.TestInvoker$MethodInvocationAgent.invoke(TestInvoker.java:824)
at org.testng.internal.TestInvoker.invokeTestMethods(TestInvoker.java:146)
at org.testng.internal.TestMethodWorker.invokeTestMethods(TestMethodWorker.java:146)
at org.testng.internal.TestMethodWorker.run(TestMethodWorker.java:128)
at java.base/java.util.ArrayList.forEach(ArrayList.java:1596)
at org.testng.TestRunner.privateRun(TestRunner.java:794)
at org.testng.TestRunner.run(TestRunner.java:596)
at org.testng.SuiteRunner.runTest(SuiteRunner.java:377)
at org.testng.SuiteRunner.access$000(SuiteRunner.java:28)
at org.testng.SuiteRunner$SuiteWorker.run(SuiteRunner.java:418)
at org.testng.internal.thread.ThreadUtil.lambda$execute$0(ThreadUtil.java:64)
at java.base/java.util.concurrent.FutureTask.run(FutureTask.java:317)
at java.base/java.util.concurrent.ThreadPoolExecutor.runWorker(ThreadPoolExecutor.java:1144)
at java.base/java.util.concurrent.ThreadPoolExecutor$Worker.run(ThreadPoolExecutor.java:642)
at java.base/java.lang.Thread.run(Thread.java:1583)
]]>
            </full-stacktrace>
          </exception> <!-- org.openqa.selenium.StaleElementReferenceException -->
          <reporter-output>
          </reporter-output>
        </test-method> <!-- verifyLanguageIsSpanish -->
        <test-method is-config="true" signature="tearDown()[pri:0, instance:tests.LanguageCheck@19569ebd]" started-at="2025-01-08T13:16:04 IST" name="tearDown" finished-at="2025-01-08T13:16:06 IST" duration-ms="2303" status="PASS">
          <reporter-output>
          </reporter-output>
        </test-method> <!-- tearDown -->
      </class> <!-- tests.LanguageCheck -->
      <class name="tests.ScrapingOpinionTest">
        <test-method is-config="true" signature="setUp()[pri:0, instance:tests.ScrapingOpinionTest@4632cfc]" started-at="2025-01-08T13:16:06 IST" name="setUp" finished-at="2025-01-08T13:16:27 IST" duration-ms="20988" status="PASS">
          <reporter-output>
          </reporter-output>
        </test-method> <!-- setUp -->
        <test-method signature="scrapeArticles()[pri:0, instance:tests.ScrapingOpinionTest@4632cfc]" started-at="2025-01-08T13:16:27 IST" name="scrapeArticles" finished-at="2025-01-08T13:16:50 IST" duration-ms="22897" status="PASS">
          <reporter-output>
          </reporter-output>
        </test-method> <!-- scrapeArticles -->
        <test-method is-config="true" signature="tearDown()[pri:0, instance:tests.ScrapingOpinionTest@4632cfc]" started-at="2025-01-08T13:16:50 IST" name="tearDown" finished-at="2025-01-08T13:16:53 IST" duration-ms="2243" status="PASS">
          <reporter-output>
          </reporter-output>
        </test-method> <!-- tearDown -->
      </class> <!-- tests.ScrapingOpinionTest -->
      <class name="tests.TranslateAndAnalyze">
        <test-method is-config="true" signature="setUp()[pri:0, instance:tests.TranslateAndAnalyze@6e1f8469]" started-at="2025-01-08T13:16:53 IST" name="setUp" finished-at="2025-01-08T13:17:13 IST" duration-ms="19953" status="PASS">
          <reporter-output>
          </reporter-output>
        </test-method> <!-- setUp -->
        <test-method signature="scrapeAndAnalyzeArticles()[pri:0, instance:tests.TranslateAndAnalyze@6e1f8469]" started-at="2025-01-08T13:17:13 IST" name="scrapeAndAnalyzeArticles" finished-at="2025-01-08T13:17:29 IST" duration-ms="16131" status="PASS">
          <reporter-output>
          </reporter-output>
        </test-method> <!-- scrapeAndAnalyzeArticles -->
        <test-method is-config="true" signature="tearDown()[pri:0, instance:tests.TranslateAndAnalyze@6e1f8469]" started-at="2025-01-08T13:17:29 IST" name="tearDown" finished-at="2025-01-08T13:17:31 IST" duration-ms="2399" status="PASS">
          <reporter-output>
          </reporter-output>
        </test-method> <!-- tearDown -->
      </class> <!-- tests.TranslateAndAnalyze -->
    </test> <!-- Test-2 -->
  </suite> <!-- Suite -->
</testng-results>
